<?xml version="1.0" encoding="UTF-8"?>
<!-- Generated by org.testng.reporters.JUnitReportReporter -->
<testsuite hostname="Navneets-MacBook-Air.local" failures="0" tests="2" name="Runner" time="32.477" errors="0" timestamp="2024-02-09T23:49:51 IST" skipped="0">
  <testcase classname="Runner" name="runScenario" time="17.467"/>
  <testcase classname="Runner" name="runScenario" time="15.010"/>
</testsuite> <!-- Runner -->
