<?xml version="1.0" encoding="UTF-8"?>
<!-- Generated by org.testng.reporters.JUnitReportReporter -->
<testsuite hostname="Navneets-MacBook-Air.local" failures="0" tests="2" name="Runner" time="32.224" errors="0" timestamp="2023-12-11T16:02:05 IST" skipped="0">
  <testcase classname="Runner" name="runScenario" time="18.472"/>
  <testcase classname="Runner" name="runScenario" time="13.752"/>
</testsuite> <!-- Runner -->
