<?xml version="1.0" encoding="UTF-8"?>
<!-- Generated by org.testng.reporters.JUnitReportReporter -->
<testsuite hostname="Navneets-MacBook-Air.local" failures="0" tests="2" name="Runner" time="33.847" errors="0" timestamp="2024-02-09T23:54:45 IST" skipped="0">
  <testcase classname="Runner" name="runScenario" time="17.611"/>
  <testcase classname="Runner" name="runScenario" time="16.236"/>
</testsuite> <!-- Runner -->
